2025-09-05 20:49:59,537 [Worker-7: Loading available Gradle versions] INFO  o.e.b.c.i.u.g.PublishedGradleVersions - Gradle version information cache is not available. Remote download required.
2025-09-05 20:50:36,230 [Worker-5: Loading available Gradle versions] INFO  o.e.b.c.i.u.g.PublishedGradleVersions - Gradle version information cache is up-to-date. Trying to read.
2025-09-05 20:51:02,665 [Worker-5: Loading available Gradle versions] INFO  o.e.b.c.i.u.g.PublishedGradleVersions - Gradle version information cache is up-to-date. Trying to read.
2025-09-06 09:09:05,152 [Worker-4: Loading available Gradle versions] INFO  o.e.b.c.i.u.g.PublishedGradleVersions - Gradle version information cache is up-to-date. Trying to read.
2025-09-06 09:11:16,617 [Worker-5: Loading available Gradle versions] INFO  o.e.b.c.i.u.g.PublishedGradleVersions - Gradle version information cache is up-to-date. Trying to read.
2025-09-06 09:12:10,571 [Worker-9: Importing Maven projects] INFO  o.e.m.c.i.l.LifecycleMappingFactory - Using org.maven.ide.eclipse.wtp.WarLifecycleMapping lifecycle mapping for MavenProject: com.appointment:Appointment-backend:0.0.1-SNAPSHOT @ D:\Hospital Jenkins\JENKINS-FULL STACK\Appointment-backend\target\m2e-wtp\web-resources\META-INF\maven\com.appointment\Appointment-backend\pom.xml.
2025-09-06 09:12:12,559 [Worker-9: Importing Maven projects] INFO  o.e.m.j.i.AbstractJavaProjectConfigurator - Adding source folder /Appointment-backend/src/main/java
2025-09-06 09:12:12,566 [Worker-9: Importing Maven projects] INFO  o.e.m.j.i.AbstractJavaProjectConfigurator - Adding resource folder /Appointment-backend/src/main/resources
2025-09-06 09:12:12,570 [Worker-9: Importing Maven projects] INFO  o.e.m.j.i.AbstractJavaProjectConfigurator - Adding resource folder /Appointment-backend/src/main/resources
2025-09-06 09:12:12,572 [Worker-9: Importing Maven projects] INFO  o.e.m.j.i.AbstractJavaProjectConfigurator - Adding source folder /Appointment-backend/src/test/java
2025-09-06 09:12:12,574 [Worker-9: Importing Maven projects] INFO  o.e.m.j.i.AbstractJavaProjectConfigurator - Adding resource folder /Appointment-backend/src/test/resources
2025-09-06 09:12:17,175 [Worker-9: Importing Maven projects] INFO  o.e.m.c.i.p.ProjectConfigurationManager - Imported and configured 1 project(s) in 10 sec
2025-09-06 09:12:18,047 [Worker-32: Updating Maven Project] INFO  o.e.m.c.i.p.ProjectConfigurationManager - Update started
2025-09-06 09:12:19,286 [Worker-32: Updating Maven Project] INFO  o.e.m.c.i.l.LifecycleMappingFactory - Using org.maven.ide.eclipse.wtp.WarLifecycleMapping lifecycle mapping for MavenProject: com.appointment:Appointment-backend:0.0.1-SNAPSHOT @ D:\Hospital Jenkins\JENKINS-FULL STACK\Appointment-backend\target\m2e-wtp\web-resources\META-INF\maven\com.appointment\Appointment-backend\pom.xml.
2025-09-06 09:12:21,433 [Worker-32: Updating Maven Project] INFO  o.e.m.j.i.AbstractJavaProjectConfigurator - Adding source folder /Appointment-backend/src/main/java
2025-09-06 09:12:21,436 [Worker-32: Updating Maven Project] INFO  o.e.m.j.i.AbstractJavaProjectConfigurator - Adding resource folder /Appointment-backend/src/main/resources
2025-09-06 09:12:21,440 [Worker-32: Updating Maven Project] INFO  o.e.m.j.i.AbstractJavaProjectConfigurator - Adding resource folder /Appointment-backend/src/main/resources
2025-09-06 09:12:21,440 [Worker-32: Updating Maven Project] INFO  o.e.m.j.i.AbstractJavaProjectConfigurator - Adding source folder /Appointment-backend/src/test/java
2025-09-06 09:12:21,442 [Worker-32: Updating Maven Project] INFO  o.e.m.j.i.AbstractJavaProjectConfigurator - Adding resource folder /Appointment-backend/src/test/resources
2025-09-06 09:12:23,094 [Worker-32: Updating Maven Project] INFO  o.e.m.w.i.f.ResourceFilteringBuildParticipant - Cleaning filtered folder for Appointment-backend
2025-09-06 09:12:23,128 [Worker-32: Updating Maven Project] INFO  o.e.m.c.i.p.ProjectConfigurationManager - Update completed for 1 poms: local refresh takes 0.00 sec, refresh facades takes 3.00 sec, update config takes 1.00 sec 
2025-09-06 09:12:23,611 [Worker-23: Building] INFO  o.a.m.s.f.DefaultMavenResourcesFiltering - skip non existing resourceDirectory D:\Hospital Jenkins\JENKINS-FULL STACK\Appointment-backend\target\m2e-wtp\web-resources\META-INF\maven\com.appointment\Appointment-backend\src\main\resources
2025-09-06 09:12:23,612 [Worker-23: Building] INFO  o.a.m.s.f.DefaultMavenResourcesFiltering - skip non existing resourceDirectory D:\Hospital Jenkins\JENKINS-FULL STACK\Appointment-backend\target\m2e-wtp\web-resources\META-INF\maven\com.appointment\Appointment-backend\src\main\resources
2025-09-06 09:12:23,626 [Worker-23: Building] INFO  o.a.m.s.f.DefaultMavenResourcesFiltering - skip non existing resourceDirectory D:\Hospital Jenkins\JENKINS-FULL STACK\Appointment-backend\target\m2e-wtp\web-resources\META-INF\maven\com.appointment\Appointment-backend\src\test\resources
2025-09-06 09:12:23,628 [Worker-23: Building] INFO  o.e.m.w.i.f.ResourceFilteringBuildParticipant - Changed resources require a complete clean of filtered resources of Appointment-backend
2025-09-06 09:12:23,629 [Worker-23: Building] INFO  o.e.m.w.i.f.ResourceFilteringBuildParticipant - Executing resource filtering for Appointment-backend
2025-09-06 09:14:19,333 [Worker-7: Loading available Gradle versions] INFO  o.e.b.c.i.u.g.PublishedGradleVersions - Gradle version information cache is up-to-date. Trying to read.
2025-09-09 14:16:44,503 [Worker-3: Loading available Gradle versions] INFO  o.e.b.c.i.u.g.PublishedGradleVersions - Gradle version information cache is out-of-date. Trying to update.
2025-09-09 14:17:02,870 [Worker-5: Building] INFO  o.e.m.c.i.l.LifecycleMappingFactory - Using org.maven.ide.eclipse.wtp.WarLifecycleMapping lifecycle mapping for MavenProject: com.appointment:Appointment-backend:0.0.1-SNAPSHOT @ D:\Hospital Jenkins\JENKINS-FULL STACK\Appointment-backend\target\m2e-wtp\web-resources\META-INF\maven\com.appointment\Appointment-backend\pom.xml.
2025-09-09 14:17:08,724 [Worker-5: Building] INFO  o.a.m.s.f.DefaultMavenResourcesFiltering - skip non existing resourceDirectory D:\Hospital Jenkins\JENKINS-FULL STACK\Appointment-backend\target\m2e-wtp\web-resources\META-INF\maven\com.appointment\Appointment-backend\src\main\resources
2025-09-09 14:17:08,725 [Worker-5: Building] INFO  o.a.m.s.f.DefaultMavenResourcesFiltering - skip non existing resourceDirectory D:\Hospital Jenkins\JENKINS-FULL STACK\Appointment-backend\target\m2e-wtp\web-resources\META-INF\maven\com.appointment\Appointment-backend\src\main\resources
2025-09-09 14:17:08,736 [Worker-5: Building] INFO  o.a.m.s.f.DefaultMavenResourcesFiltering - skip non existing resourceDirectory D:\Hospital Jenkins\JENKINS-FULL STACK\Appointment-backend\target\m2e-wtp\web-resources\META-INF\maven\com.appointment\Appointment-backend\src\test\resources
2025-09-09 14:26:34,553 [Worker-37: Building] INFO  o.e.m.c.i.l.LifecycleMappingFactory - Using org.maven.ide.eclipse.wtp.WarLifecycleMapping lifecycle mapping for MavenProject: com.appointment:Appointment-backend:0.0.1-SNAPSHOT @ D:\Hospital Jenkins\JENKINS-FULL STACK\Appointment-backend\target\m2e-wtp\web-resources\META-INF\maven\com.appointment\Appointment-backend\pom.xml.
2025-09-09 14:26:35,674 [Worker-37: Building] INFO  o.a.m.s.f.DefaultMavenResourcesFiltering - skip non existing resourceDirectory D:\Hospital Jenkins\JENKINS-FULL STACK\Appointment-backend\target\m2e-wtp\web-resources\META-INF\maven\com.appointment\Appointment-backend\src\main\resources
2025-09-09 14:26:35,674 [Worker-37: Building] INFO  o.a.m.s.f.DefaultMavenResourcesFiltering - skip non existing resourceDirectory D:\Hospital Jenkins\JENKINS-FULL STACK\Appointment-backend\target\m2e-wtp\web-resources\META-INF\maven\com.appointment\Appointment-backend\src\main\resources
2025-09-09 14:26:35,679 [Worker-37: Building] INFO  o.a.m.s.f.DefaultMavenResourcesFiltering - skip non existing resourceDirectory D:\Hospital Jenkins\JENKINS-FULL STACK\Appointment-backend\target\m2e-wtp\web-resources\META-INF\maven\com.appointment\Appointment-backend\src\test\resources
2025-09-09 14:26:35,680 [Worker-37: Building] INFO  o.e.m.w.i.f.ResourceFilteringBuildParticipant - Changed resources require a complete clean of filtered resources of Appointment-backend
2025-09-09 14:26:35,682 [Worker-37: Building] INFO  o.e.m.w.i.f.ResourceFilteringBuildParticipant - Executing resource filtering for Appointment-backend
2025-09-10 07:14:15,664 [Worker-7: Loading available Gradle versions] INFO  o.e.b.c.i.u.g.PublishedGradleVersions - Gradle version information cache is up-to-date. Trying to read.
2025-09-10 07:16:35,186 [Worker-5: Loading available Gradle versions] INFO  o.e.b.c.i.u.g.PublishedGradleVersions - Gradle version information cache is up-to-date. Trying to read.
